
> rest-express@1.0.0 dev
> tsx server/index.ts

3:23:42 AM [express] serving on port 5000
🔍 Initializing database health monitoring...
❌ Database Health Check Failed: TypeError: db.execute is not a function
    at DatabaseHealthMonitor.performHealthCheck (/app/server/services/databaseHealthCheck.ts:44:16)
    at Server.<anonymous> (/app/server/index.ts:90:27)
    at Object.onceWrapper (node:events:632:28)
    at Server.emit (node:events:530:35)
    at emitListeningNT (node:net:1983:10)
    at process.processTicksAndRejections (node:internal/process/task_queues:89:21)
❌ Database Health Check - 2025-08-22T03:23:42.654Z
   Connection: DISCONNECTED (0ms)
   Endpoint: undefined...
   Errors:
     ⚠️  Database connection failed: TypeError: db.execute is not a function
   Performance: Avg 0.00ms per query
Setting up scheduled article generation system...
Article generation scheduling system initialized - will run every 2 hours
🔄 Starting database health monitoring every 5 minutes
❌ Database Health Check Failed: TypeError: db.execute is not a function
    at DatabaseHealthMonitor.performHealthCheck (/app/server/services/databaseHealthCheck.ts:44:16)
    at DatabaseHealthMonitor.startPeriodicChecks (/app/server/services/databaseHealthCheck.ts:161:16)
    at <anonymous> (/app/server/index.ts:91:29)
    at process.processTicksAndRejections (node:internal/process/task_queues:105:5)
❌ Database Health Check - 2025-08-22T03:23:42.660Z
   Connection: DISCONNECTED (0ms)
   Endpoint: undefined...
   Errors:
     ⚠️  Database connection failed: TypeError: db.execute is not a function
   Performance: Avg 0.00ms per query
